<?xml version="1.0" encoding="UTF-8"?>
<!-- Generated by org.testng.reporters.JUnitReportReporter -->
<testsuite skipped="0" hostname="LAPTOP-DQHA8VEA" name="qaclickacademy.SeleniumTest" tests="2" failures="0" timestamp="24 Nov 2021 13:09:24 GMT" time="0.003" errors="0">
  <testcase name="BrowserAUtomation" time="0.003" classname="qaclickacademy.SeleniumTest"/>
  <testcase name="elementsUi" time="0.000" classname="qaclickacademy.SeleniumTest"/>
</testsuite> <!-- qaclickacademy.SeleniumTest -->
